<?xml version="1.0" encoding="UTF-8"?>
<testsuite name="org.json.junit.CookieTest" tests="11" skipped="0" failures="0" errors="0" timestamp="2022-01-25T05:29:53" hostname="Chenxus-MacBook-Pro.local" time="0.001">
  <properties/>
  <testcase name="simpleCookie" classname="org.json.junit.CookieTest" time="0.0"/>
  <testcase name="malFormedNameValueException" classname="org.json.junit.CookieTest" time="0.001"/>
  <testcase name="convertCookieToString" classname="org.json.junit.CookieTest" time="0.0"/>
  <testcase name="nullCookieException" classname="org.json.junit.CookieTest" time="0.0"/>
  <testcase name="booleanAttribute" classname="org.json.junit.CookieTest" time="0.0"/>
  <testcase name="convertEncodedCookieToString" classname="org.json.junit.CookieTest" time="0.0"/>
  <testcase name="multiPartCookie" classname="org.json.junit.CookieTest" time="0.0"/>
  <testcase name="emptyNameCookieException" classname="org.json.junit.CookieTest" time="0.0"/>
  <testcase name="unescapeString" classname="org.json.junit.CookieTest" time="0.0"/>
  <testcase name="escapeString" classname="org.json.junit.CookieTest" time="0.0"/>
  <testcase name="emptyStringCookieException" classname="org.json.junit.CookieTest" time="0.0"/>
  <system-out><![CDATA[]]></system-out>
  <system-err><![CDATA[]]></system-err>
</testsuite>
